{
  "RSpec": {
    "coverage": {
      "/home/dilpreet/Rails/event_management/app/models/admin.rb": [
        1,
        null,
        1,
        1,
        1,
        1,
        null,
        null,
        null
      ],
      "/home/dilpreet/Rails/event_management/app/helpers/application_helper.rb": [
        1,
        null
      ],
      "/home/dilpreet/Rails/event_management/app/helpers/events_helper.rb": [
        1,
        null
      ],
      "/home/dilpreet/Rails/event_management/app/helpers/sessions_helper.rb": [
        1,
        null
      ],
      "/home/dilpreet/Rails/event_management/app/helpers/welcome_helper.rb": [
        1,
        null
      ],
      "/home/dilpreet/Rails/event_management/app/controllers/admin/events_controller.rb": [
        1,
        null,
        1,
        1,
        null,
        1,
        8,
        8,
        2,
        null,
        8,
        6,
        3,
        null,
        3,
        null,
        null,
        null,
        8,
        null,
        null,
        1,
        1,
        null,
        null,
        1,
        4,
        2,
        null,
        2,
        null,
        null,
        null,
        1,
        4,
        2,
        null,
        2,
        null,
        null,
        null,
        1,
        null,
        1,
        4,
        null,
        null,
        1,
        11,
        11,
        1,
        null,
        null,
        null,
        null
      ],
      "/home/dilpreet/Rails/event_management/app/controllers/application_controller.rb": [
        1,
        null,
        1,
        1,
        null,
        1,
        null,
        1,
        5,
        4,
        null,
        null,
        null,
        1,
        65,
        28,
        null,
        null,
        null,
        1,
        29,
        null,
        null,
        1,
        2,
        null,
        null,
        1,
        34,
        33,
        null,
        1,
        null,
        null,
        null,
        1,
        2,
        1,
        null,
        null,
        null,
        1,
        36,
        null,
        null,
        null,
        null
      ],
      "/home/dilpreet/Rails/event_management/app/controllers/admin/sessions_controller.rb": [
        1,
        null,
        1,
        1,
        null,
        1,
        4,
        2,
        null,
        2,
        null,
        null,
        null,
        1,
        null,
        1,
        6,
        6,
        1,
        null,
        null,
        null,
        null
      ],
      "/home/dilpreet/Rails/event_management/app/controllers/admin/users_controller.rb": [
        1,
        null,
        1,
        null,
        1,
        1,
        1,
        null,
        1,
        4,
        6,
        4,
        2,
        1,
        null,
        1,
        null,
        null,
        null,
        null,
        null,
        null,
        1,
        4,
        2,
        null,
        2,
        null,
        null,
        null,
        1,
        4,
        2,
        null,
        2,
        null,
        null,
        null,
        1,
        null,
        1,
        2,
        null,
        null,
        1,
        10,
        10,
        1,
        null,
        null,
        null,
        null
      ],
      "/home/dilpreet/Rails/event_management/app/controllers/api/v1/events_controller.rb": [
        1,
        null,
        1,
        1,
        1,
        null,
        1,
        3,
        null,
        null,
        1,
        3,
        null,
        null,
        1,
        null,
        3,
        null,
        null,
        1,
        3,
        null,
        null,
        1,
        null,
        1,
        5,
        5,
        1,
        null,
        null,
        null,
        null
      ],
      "/home/dilpreet/Rails/event_management/app/controllers/api/v1/sessions_controller.rb": [
        1,
        null,
        1,
        1,
        1,
        1,
        null,
        1,
        null,
        3,
        null,
        null,
        1,
        3,
        null,
        null,
        1,
        4,
        2,
        null,
        2,
        null,
        null,
        null,
        1,
        5,
        5,
        3,
        null,
        2,
        null,
        null,
        null,
        1,
        5,
        5,
        3,
        null,
        2,
        null,
        null,
        null,
        1,
        null,
        1,
        19,
        19,
        1,
        null,
        null,
        null,
        1,
        5,
        5,
        1,
        null,
        null,
        null,
        null
      ],
      "/home/dilpreet/Rails/event_management/app/controllers/events_controller.rb": [
        1,
        null,
        1,
        null,
        null,
        1,
        1,
        1,
        1,
        1,
        1,
        null,
        1,
        5,
        6,
        5,
        4,
        2,
        null,
        2,
        null,
        null,
        null,
        null,
        null,
        1,
        0,
        null,
        0,
        0,
        null,
        null,
        null,
        1,
        null,
        null,
        1,
        2,
        null,
        null,
        1,
        null,
        null,
        1,
        4,
        4,
        3,
        null,
        1,
        null,
        null,
        null,
        1,
        5,
        4,
        null,
        1,
        null,
        null,
        null,
        1,
        5,
        3,
        null,
        2,
        null,
        null,
        null,
        1,
        5,
        3,
        null,
        2,
        null,
        null,
        null,
        1,
        null,
        1,
        1,
        null,
        null,
        1,
        2,
        null,
        null,
        1,
        2,
        1,
        null,
        null,
        null,
        1,
        22,
        22,
        1,
        null,
        null,
        null,
        1,
        8,
        3,
        null,
        5,
        null,
        null,
        null,
        1,
        9,
        null,
        null,
        1,
        9,
        null,
        null,
        null,
        null
      ],
      "/home/dilpreet/Rails/event_management/app/controllers/sessions_controller.rb": [
        1,
        null,
        1,
        null,
        1,
        1,
        1,
        1,
        1,
        null,
        1,
        0,
        null,
        null,
        1,
        0,
        null,
        null,
        1,
        0,
        0,
        0,
        null,
        0,
        null,
        null,
        null,
        1,
        0,
        0,
        null,
        0,
        null,
        null,
        null,
        1,
        0,
        0,
        0,
        null,
        0,
        null,
        null,
        null,
        1,
        0,
        0,
        null,
        0,
        null,
        null,
        null,
        1,
        0,
        0,
        null,
        0,
        null,
        null,
        null,
        null,
        1,
        null,
        1,
        0,
        0,
        null,
        null,
        null,
        1,
        0,
        0,
        0,
        null,
        null,
        null,
        1,
        2,
        1,
        1,
        null,
        null,
        null,
        1,
        10,
        10,
        1,
        null,
        null,
        null,
        1,
        2,
        2,
        1,
        null,
        null,
        null,
        1,
        0,
        null,
        null,
        1,
        0,
        null,
        null
      ],
      "/home/dilpreet/Rails/event_management/app/controllers/user_session_controller.rb": [
        1,
        null,
        1,
        4,
        4,
        null,
        4,
        2,
        2,
        2,
        null,
        2,
        null,
        null,
        null,
        1,
        3,
        3,
        null,
        null,
        1,
        2,
        null,
        null
      ],
      "/home/dilpreet/Rails/event_management/app/controllers/users_controller.rb": [
        1,
        null,
        1,
        null,
        1,
        null,
        1,
        8,
        10,
        8,
        6,
        3,
        null,
        3,
        null,
        null,
        null,
        null,
        null,
        1,
        6,
        8,
        null,
        6,
        4,
        2,
        null,
        2,
        null,
        null,
        null,
        null,
        null,
        1,
        null,
        1,
        4,
        null,
        null,
        null
      ],
      "/home/dilpreet/Rails/event_management/app/models/event.rb": [
        1,
        null,
        1,
        1,
        null,
        1,
        1,
        1,
        1,
        null,
        1,
        1,
        1,
        null,
        9,
        13,
        9,
        5,
        1,
        null,
        4,
        null,
        1,
        1,
        null,
        1,
        2,
        null,
        null,
        1,
        4,
        null,
        null,
        1,
        2,
        null,
        null,
        1,
        2,
        null,
        null,
        1,
        null,
        1,
        43,
        9,
        9,
        null,
        null,
        null,
        1,
        43,
        36,
        null,
        7,
        null,
        null,
        null,
        1,
        35,
        33,
        null,
        1,
        1,
        null,
        null,
        null,
        1,
        1,
        null,
        null,
        null
      ],
      "/home/dilpreet/Rails/event_management/app/models/concerns/destroyable.rb": [
        1,
        null,
        1,
        null,
        1,
        2,
        null,
        null,
        1,
        2,
        null,
        null,
        1,
        null,
        1,
        3,
        null,
        null,
        1,
        3,
        null,
        null,
        null,
        null
      ],
      "/home/dilpreet/Rails/event_management/app/models/rsvp.rb": [
        1,
        null,
        1,
        1,
        null,
        null
      ],
      "/home/dilpreet/Rails/event_management/app/models/session.rb": [
        1,
        null,
        1,
        1,
        null,
        1,
        1,
        1,
        null,
        1,
        1,
        null,
        3,
        null,
        1,
        null,
        1,
        2,
        null,
        null,
        1,
        null,
        1,
        15,
        5,
        5,
        null,
        null,
        null,
        1,
        10,
        2,
        2,
        null,
        null,
        null,
        1,
        15,
        null,
        null,
        1,
        10,
        null,
        null,
        1,
        7,
        null,
        null,
        null,
        null
      ],
      "/home/dilpreet/Rails/event_management/app/models/user.rb": [
        1,
        null,
        1,
        null,
        1,
        1,
        12,
        4,
        null,
        1,
        null,
        1,
        1,
        null,
        1,
        2,
        null,
        null,
        null,
        1,
        null,
        null,
        1,
        1,
        null,
        null,
        1,
        1,
        null,
        null,
        1,
        1,
        null,
        null,
        1,
        1,
        null,
        null,
        1,
        2,
        null,
        null,
        null
      ]
    },
    "timestamp": 1416555208
  }
}
