{
  "RSpec": {
    "coverage": {
      "/home/dilpreet/Rails/event_management/app/models/admin.rb": [
        1,
        null,
        1,
        1,
        1,
        1,
        null,
        null,
        null
      ],
      "/home/dilpreet/Rails/event_management/app/helpers/application_helper.rb": [
        1,
        null
      ],
      "/home/dilpreet/Rails/event_management/app/helpers/events_helper.rb": [
        1,
        null
      ],
      "/home/dilpreet/Rails/event_management/app/helpers/sessions_helper.rb": [
        1,
        null
      ],
      "/home/dilpreet/Rails/event_management/app/helpers/welcome_helper.rb": [
        1,
        null
      ],
      "/home/dilpreet/Rails/event_management/app/controllers/admin/events_controller.rb": [
        1,
        null,
        1,
        1,
        null,
        1,
        6,
        6,
        2,
        null,
        6,
        4,
        2,
        null,
        2,
        null,
        null,
        null,
        6,
        null,
        null,
        1,
        1,
        null,
        null,
        1,
        4,
        2,
        null,
        2,
        null,
        null,
        null,
        1,
        4,
        2,
        null,
        2,
        null,
        null,
        null,
        1,
        null,
        1,
        0,
        null,
        null,
        1,
        9,
        9,
        0,
        null,
        null,
        null,
        null
      ],
      "/home/dilpreet/Rails/event_management/app/controllers/application_controller.rb": [
        1,
        null,
        1,
        1,
        null,
        1,
        null,
        1,
        0,
        0,
        null,
        null,
        null,
        1,
        56,
        1,
        null,
        null,
        null,
        1,
        0,
        null,
        null,
        1,
        0,
        null,
        null,
        1,
        32,
        32,
        null,
        0,
        null,
        null,
        null,
        1,
        0,
        0,
        null,
        null,
        null,
        1,
        32,
        null,
        null,
        null,
        null
      ],
      "/home/dilpreet/Rails/event_management/app/controllers/admin/sessions_controller.rb": [
        1,
        null,
        1,
        1,
        null,
        1,
        4,
        2,
        null,
        2,
        null,
        null,
        null,
        1,
        null,
        1,
        4,
        4,
        0,
        null,
        null,
        null,
        null
      ],
      "/home/dilpreet/Rails/event_management/app/controllers/admin/users_controller.rb": [
        1,
        null,
        1,
        null,
        1,
        1,
        1,
        null,
        1,
        2,
        4,
        2,
        0,
        0,
        null,
        0,
        null,
        null,
        null,
        null,
        null,
        null,
        1,
        4,
        2,
        null,
        2,
        null,
        null,
        null,
        1,
        4,
        2,
        null,
        2,
        null,
        null,
        null,
        1,
        null,
        1,
        0,
        null,
        null,
        1,
        8,
        8,
        0,
        null,
        null,
        null,
        null
      ],
      "/home/dilpreet/Rails/event_management/app/controllers/api/v1/events_controller.rb": [
        1,
        null,
        1,
        1,
        1,
        null,
        1,
        3,
        null,
        null,
        1,
        3,
        null,
        null,
        1,
        null,
        3,
        null,
        null,
        1,
        3,
        null,
        null,
        1,
        null,
        1,
        3,
        3,
        0,
        null,
        null,
        null,
        null
      ],
      "/home/dilpreet/Rails/event_management/app/controllers/api/v1/sessions_controller.rb": [
        1,
        null,
        1,
        1,
        1,
        1,
        null,
        1,
        null,
        3,
        null,
        null,
        1,
        3,
        null,
        null,
        1,
        4,
        2,
        null,
        2,
        null,
        null,
        null,
        1,
        5,
        5,
        3,
        null,
        2,
        null,
        null,
        null,
        1,
        5,
        5,
        3,
        null,
        2,
        null,
        null,
        null,
        1,
        null,
        1,
        17,
        17,
        0,
        null,
        null,
        null,
        1,
        3,
        3,
        0,
        null,
        null,
        null,
        null
      ],
      "/home/dilpreet/Rails/event_management/app/controllers/events_controller.rb": [
        1,
        null,
        1,
        null,
        null,
        1,
        1,
        1,
        1,
        1,
        1,
        null,
        1,
        5,
        6,
        5,
        4,
        2,
        null,
        2,
        null,
        null,
        null,
        null,
        null,
        1,
        2,
        null,
        2,
        2,
        null,
        null,
        null,
        1,
        null,
        null,
        1,
        2,
        null,
        null,
        1,
        null,
        null,
        1,
        4,
        4,
        3,
        null,
        1,
        null,
        null,
        null,
        1,
        5,
        4,
        null,
        1,
        null,
        null,
        null,
        1,
        5,
        3,
        null,
        2,
        null,
        null,
        null,
        1,
        0,
        0,
        null,
        0,
        null,
        null,
        null,
        1,
        null,
        1,
        1,
        null,
        null,
        1,
        0,
        null,
        null,
        1,
        0,
        0,
        null,
        null,
        null,
        1,
        12,
        12,
        0,
        null,
        null,
        null,
        1,
        4,
        2,
        null,
        null,
        null,
        1,
        9,
        null,
        null,
        1,
        9,
        null,
        null,
        null,
        null
      ],
      "/home/dilpreet/Rails/event_management/app/controllers/sessions_controller.rb": [
        1,
        null,
        1,
        null,
        1,
        1,
        1,
        1,
        1,
        null,
        1,
        2,
        null,
        null,
        1,
        2,
        null,
        null,
        1,
        5,
        5,
        3,
        null,
        2,
        null,
        null,
        null,
        1,
        5,
        3,
        null,
        2,
        null,
        null,
        null,
        1,
        4,
        4,
        3,
        null,
        1,
        null,
        null,
        null,
        1,
        3,
        2,
        null,
        1,
        null,
        null,
        null,
        1,
        5,
        3,
        null,
        2,
        null,
        null,
        null,
        null,
        1,
        null,
        1,
        0,
        0,
        null,
        null,
        null,
        1,
        5,
        5,
        0,
        null,
        null,
        null,
        1,
        5,
        5,
        0,
        null,
        null,
        null,
        1,
        8,
        8,
        0,
        null,
        null,
        null,
        1,
        11,
        11,
        0,
        null,
        null,
        null,
        1,
        7,
        null,
        null,
        1,
        7,
        null,
        null
      ],
      "/home/dilpreet/Rails/event_management/app/controllers/user_session_controller.rb": [
        1,
        null,
        1,
        4,
        4,
        null,
        4,
        2,
        2,
        2,
        null,
        2,
        null,
        null,
        null,
        1,
        3,
        3,
        null,
        null,
        1,
        2,
        null,
        null
      ],
      "/home/dilpreet/Rails/event_management/app/controllers/users_controller.rb": [
        1,
        null,
        1,
        null,
        1,
        null,
        1,
        6,
        8,
        6,
        4,
        2,
        null,
        2,
        null,
        null,
        null,
        null,
        null,
        1,
        6,
        8,
        null,
        6,
        4,
        2,
        null,
        2,
        null,
        null,
        null,
        null,
        null,
        1,
        null,
        1,
        0,
        null,
        null,
        null
      ],
      "/home/dilpreet/Rails/event_management/app/models/event.rb": [
        1,
        null,
        1,
        1,
        null,
        1,
        1,
        1,
        1,
        null,
        1,
        1,
        1,
        null,
        9,
        13,
        9,
        5,
        1,
        null,
        4,
        null,
        1,
        1,
        null,
        1,
        2,
        null,
        null,
        1,
        4,
        null,
        null,
        1,
        2,
        null,
        null,
        1,
        2,
        null,
        null,
        1,
        null,
        1,
        33,
        9,
        9,
        null,
        null,
        null,
        1,
        33,
        30,
        null,
        3,
        null,
        null,
        null,
        1,
        24,
        24,
        null,
        0,
        0,
        null,
        null,
        null,
        1,
        0,
        null,
        null,
        null
      ],
      "/home/dilpreet/Rails/event_management/app/models/concerns/destroyable.rb": [
        1,
        null,
        1,
        null,
        1,
        2,
        null,
        null,
        1,
        2,
        null,
        null,
        1,
        null,
        1,
        3,
        null,
        null,
        1,
        3,
        null,
        null,
        null,
        null
      ],
      "/home/dilpreet/Rails/event_management/app/models/rsvp.rb": [
        1,
        null,
        1,
        1,
        null,
        null
      ],
      "/home/dilpreet/Rails/event_management/app/models/session.rb": [
        1,
        null,
        1,
        1,
        null,
        1,
        1,
        1,
        null,
        1,
        1,
        null,
        3,
        null,
        1,
        null,
        1,
        2,
        null,
        null,
        1,
        null,
        1,
        11,
        5,
        5,
        null,
        null,
        null,
        1,
        6,
        0,
        0,
        null,
        null,
        null,
        1,
        11,
        null,
        null,
        1,
        6,
        null,
        null,
        1,
        5,
        null,
        null,
        null,
        null
      ],
      "/home/dilpreet/Rails/event_management/app/models/user.rb": [
        1,
        null,
        1,
        null,
        1,
        1,
        12,
        4,
        null,
        1,
        null,
        1,
        1,
        null,
        1,
        1,
        null,
        null,
        null,
        0,
        null,
        null,
        1,
        1,
        null,
        null,
        1,
        1,
        null,
        null,
        1,
        1,
        null,
        null,
        1,
        1,
        null,
        null,
        1,
        2,
        null,
        null,
        null
      ]
    },
    "timestamp": 1416206438
  }
}
